[2023-12-27 03:11:18] local.ERROR: SQLSTATE[23000]: Integrity constraint violation: 1062 Duplicate entry 'am.y@gmail.com' for key 'users.Email' (Connection: mysql, SQL: INSERT INTO users (ID, Role, FullName, Email, Password) VALUES (2023-12-27 03:11:18, Patient, Y Âm, am.y@gmail.com, 12)) {"exception":"[object] (Illuminate\\Database\\UniqueConstraintViolationException(code: 23000): SQLSTATE[23000]: Integrity constraint violation: 1062 Duplicate entry 'am.y@gmail.com' for key 'users.Email' (Connection: mysql, SQL: INSERT INTO users (ID, Role, FullName, Email, Password) VALUES (2023-12-27 03:11:18, Patient, Y Âm, am.y@gmail.com, 12)) at C:\\Users\\Admin\\MentalHealthCareApp\\vendor\\illuminate\\database\\Connection.php:817)
[stacktrace]
#0 C:\\Users\\Admin\\MentalHealthCareApp\\vendor\\illuminate\\database\\Connection.php(776): Illuminate\\Database\\Connection->runQueryCallback('INSERT INTO use...', Array, Object(Closure))
#1 C:\\Users\\Admin\\MentalHealthCareApp\\vendor\\illuminate\\database\\Connection.php(569): Illuminate\\Database\\Connection->run('INSERT INTO use...', Array, Object(Closure))
#2 C:\\Users\\Admin\\MentalHealthCareApp\\vendor\\illuminate\\database\\Connection.php(533): Illuminate\\Database\\Connection->statement('INSERT INTO use...', Array)
#3 C:\\Users\\Admin\\MentalHealthCareApp\\vendor\\illuminate\\database\\DatabaseManager.php(469): Illuminate\\Database\\Connection->insert('INSERT INTO use...', Array)
#4 C:\\Users\\Admin\\MentalHealthCareApp\\vendor\\illuminate\\support\\Facades\\Facade.php(355): Illuminate\\Database\\DatabaseManager->__call('insert', Array)
#5 C:\\Users\\Admin\\MentalHealthCareApp\\app\\Repositories\\UserRepository.php(25): Illuminate\\Support\\Facades\\Facade::__callStatic('insert', Array)
#6 C:\\Users\\Admin\\MentalHealthCareApp\\app\\Controllers\\Patient\\SignUpController.php(40): App\\Repositories\\UserRepository->insert(Object(App\\Models\\User))
#7 C:\\Users\\Admin\\MentalHealthCareApp\\vendor\\illuminate\\container\\BoundMethod.php(36): App\\Controllers\\Patient\\SignUpController->signUp(Object(Laravel\\Lumen\\Http\\Request))
#8 C:\\Users\\Admin\\MentalHealthCareApp\\vendor\\illuminate\\container\\Util.php(41): Illuminate\\Container\\BoundMethod::Illuminate\\Container\\{closure}()
#9 C:\\Users\\Admin\\MentalHealthCareApp\\vendor\\illuminate\\container\\BoundMethod.php(93): Illuminate\\Container\\Util::unwrapIfClosure(Object(Closure))
#10 C:\\Users\\Admin\\MentalHealthCareApp\\vendor\\illuminate\\container\\BoundMethod.php(35): Illuminate\\Container\\BoundMethod::callBoundMethod(Object(Laravel\\Lumen\\Application), Array, Object(Closure))
#11 C:\\Users\\Admin\\MentalHealthCareApp\\vendor\\illuminate\\container\\Container.php(662): Illuminate\\Container\\BoundMethod::call(Object(Laravel\\Lumen\\Application), Array, Array, NULL)
#12 C:\\Users\\Admin\\MentalHealthCareApp\\vendor\\laravel\\lumen-framework\\src\\Concerns\\RoutesRequests.php(391): Illuminate\\Container\\Container->call(Array, Array)
#13 C:\\Users\\Admin\\MentalHealthCareApp\\vendor\\laravel\\lumen-framework\\src\\Concerns\\RoutesRequests.php(356): Laravel\\Lumen\\Application->callControllerCallable(Array, Array)
#14 C:\\Users\\Admin\\MentalHealthCareApp\\vendor\\laravel\\lumen-framework\\src\\Concerns\\RoutesRequests.php(331): Laravel\\Lumen\\Application->callLumenController(Object(App\\Controllers\\Patient\\SignUpController), 'signUp', Array)
#15 C:\\Users\\Admin\\MentalHealthCareApp\\vendor\\laravel\\lumen-framework\\src\\Concerns\\RoutesRequests.php(284): Laravel\\Lumen\\Application->callControllerAction(Array)
#16 C:\\Users\\Admin\\MentalHealthCareApp\\vendor\\laravel\\lumen-framework\\src\\Concerns\\RoutesRequests.php(269): Laravel\\Lumen\\Application->callActionOnArrayBasedRoute(Array)
#17 C:\\Users\\Admin\\MentalHealthCareApp\\vendor\\laravel\\lumen-framework\\src\\Concerns\\RoutesRequests.php(171): Laravel\\Lumen\\Application->handleFoundRoute(Array)
#18 C:\\Users\\Admin\\MentalHealthCareApp\\vendor\\laravel\\lumen-framework\\src\\Concerns\\RoutesRequests.php(431): Laravel\\Lumen\\Application->Laravel\\Lumen\\Concerns\\{closure}(Object(Laravel\\Lumen\\Http\\Request))
#19 C:\\Users\\Admin\\MentalHealthCareApp\\vendor\\laravel\\lumen-framework\\src\\Concerns\\RoutesRequests.php(167): Laravel\\Lumen\\Application->sendThroughPipeline(Array, Object(Closure))
#20 C:\\Users\\Admin\\MentalHealthCareApp\\vendor\\laravel\\lumen-framework\\src\\Concerns\\RoutesRequests.php(112): Laravel\\Lumen\\Application->dispatch(NULL)
#21 C:\\Users\\Admin\\MentalHealthCareApp\\public\\index.php(28): Laravel\\Lumen\\Application->run()
#22 {main}

[previous exception] [object] (PDOException(code: 23000): SQLSTATE[23000]: Integrity constraint violation: 1062 Duplicate entry 'am.y@gmail.com' for key 'users.Email' at C:\\Users\\Admin\\MentalHealthCareApp\\vendor\\illuminate\\database\\Connection.php:580)
[stacktrace]
#0 C:\\Users\\Admin\\MentalHealthCareApp\\vendor\\illuminate\\database\\Connection.php(580): PDOStatement->execute()
#1 C:\\Users\\Admin\\MentalHealthCareApp\\vendor\\illuminate\\database\\Connection.php(809): Illuminate\\Database\\Connection->Illuminate\\Database\\{closure}('INSERT INTO use...', Array)
#2 C:\\Users\\Admin\\MentalHealthCareApp\\vendor\\illuminate\\database\\Connection.php(776): Illuminate\\Database\\Connection->runQueryCallback('INSERT INTO use...', Array, Object(Closure))
#3 C:\\Users\\Admin\\MentalHealthCareApp\\vendor\\illuminate\\database\\Connection.php(569): Illuminate\\Database\\Connection->run('INSERT INTO use...', Array, Object(Closure))
#4 C:\\Users\\Admin\\MentalHealthCareApp\\vendor\\illuminate\\database\\Connection.php(533): Illuminate\\Database\\Connection->statement('INSERT INTO use...', Array)
#5 C:\\Users\\Admin\\MentalHealthCareApp\\vendor\\illuminate\\database\\DatabaseManager.php(469): Illuminate\\Database\\Connection->insert('INSERT INTO use...', Array)
#6 C:\\Users\\Admin\\MentalHealthCareApp\\vendor\\illuminate\\support\\Facades\\Facade.php(355): Illuminate\\Database\\DatabaseManager->__call('insert', Array)
#7 C:\\Users\\Admin\\MentalHealthCareApp\\app\\Repositories\\UserRepository.php(25): Illuminate\\Support\\Facades\\Facade::__callStatic('insert', Array)
#8 C:\\Users\\Admin\\MentalHealthCareApp\\app\\Controllers\\Patient\\SignUpController.php(40): App\\Repositories\\UserRepository->insert(Object(App\\Models\\User))
#9 C:\\Users\\Admin\\MentalHealthCareApp\\vendor\\illuminate\\container\\BoundMethod.php(36): App\\Controllers\\Patient\\SignUpController->signUp(Object(Laravel\\Lumen\\Http\\Request))
#10 C:\\Users\\Admin\\MentalHealthCareApp\\vendor\\illuminate\\container\\Util.php(41): Illuminate\\Container\\BoundMethod::Illuminate\\Container\\{closure}()
#11 C:\\Users\\Admin\\MentalHealthCareApp\\vendor\\illuminate\\container\\BoundMethod.php(93): Illuminate\\Container\\Util::unwrapIfClosure(Object(Closure))
#12 C:\\Users\\Admin\\MentalHealthCareApp\\vendor\\illuminate\\container\\BoundMethod.php(35): Illuminate\\Container\\BoundMethod::callBoundMethod(Object(Laravel\\Lumen\\Application), Array, Object(Closure))
#13 C:\\Users\\Admin\\MentalHealthCareApp\\vendor\\illuminate\\container\\Container.php(662): Illuminate\\Container\\BoundMethod::call(Object(Laravel\\Lumen\\Application), Array, Array, NULL)
#14 C:\\Users\\Admin\\MentalHealthCareApp\\vendor\\laravel\\lumen-framework\\src\\Concerns\\RoutesRequests.php(391): Illuminate\\Container\\Container->call(Array, Array)
#15 C:\\Users\\Admin\\MentalHealthCareApp\\vendor\\laravel\\lumen-framework\\src\\Concerns\\RoutesRequests.php(356): Laravel\\Lumen\\Application->callControllerCallable(Array, Array)
#16 C:\\Users\\Admin\\MentalHealthCareApp\\vendor\\laravel\\lumen-framework\\src\\Concerns\\RoutesRequests.php(331): Laravel\\Lumen\\Application->callLumenController(Object(App\\Controllers\\Patient\\SignUpController), 'signUp', Array)
#17 C:\\Users\\Admin\\MentalHealthCareApp\\vendor\\laravel\\lumen-framework\\src\\Concerns\\RoutesRequests.php(284): Laravel\\Lumen\\Application->callControllerAction(Array)
#18 C:\\Users\\Admin\\MentalHealthCareApp\\vendor\\laravel\\lumen-framework\\src\\Concerns\\RoutesRequests.php(269): Laravel\\Lumen\\Application->callActionOnArrayBasedRoute(Array)
#19 C:\\Users\\Admin\\MentalHealthCareApp\\vendor\\laravel\\lumen-framework\\src\\Concerns\\RoutesRequests.php(171): Laravel\\Lumen\\Application->handleFoundRoute(Array)
#20 C:\\Users\\Admin\\MentalHealthCareApp\\vendor\\laravel\\lumen-framework\\src\\Concerns\\RoutesRequests.php(431): Laravel\\Lumen\\Application->Laravel\\Lumen\\Concerns\\{closure}(Object(Laravel\\Lumen\\Http\\Request))
#21 C:\\Users\\Admin\\MentalHealthCareApp\\vendor\\laravel\\lumen-framework\\src\\Concerns\\RoutesRequests.php(167): Laravel\\Lumen\\Application->sendThroughPipeline(Array, Object(Closure))
#22 C:\\Users\\Admin\\MentalHealthCareApp\\vendor\\laravel\\lumen-framework\\src\\Concerns\\RoutesRequests.php(112): Laravel\\Lumen\\Application->dispatch(NULL)
#23 C:\\Users\\Admin\\MentalHealthCareApp\\public\\index.php(28): Laravel\\Lumen\\Application->run()
#24 {main}
"} 
[2023-12-27 12:59:55] local.ERROR: SQLSTATE[23000]: Integrity constraint violation: 1062 Duplicate entry 'nghia.mai@gmail.com' for key 'users.Email' (Connection: mysql, SQL: INSERT INTO users (ID, Role, FullName, Email, Password) VALUES (2023-12-27 12:59:55, Patient, Mai Xuân , nghia.mai@gmail.com, 123)) {"exception":"[object] (Illuminate\\Database\\UniqueConstraintViolationException(code: 23000): SQLSTATE[23000]: Integrity constraint violation: 1062 Duplicate entry 'nghia.mai@gmail.com' for key 'users.Email' (Connection: mysql, SQL: INSERT INTO users (ID, Role, FullName, Email, Password) VALUES (2023-12-27 12:59:55, Patient, Mai Xuân , nghia.mai@gmail.com, 123)) at C:\\Users\\Admin\\MentalHealthCareApp\\vendor\\illuminate\\database\\Connection.php:817)
[stacktrace]
#0 C:\\Users\\Admin\\MentalHealthCareApp\\vendor\\illuminate\\database\\Connection.php(776): Illuminate\\Database\\Connection->runQueryCallback('INSERT INTO use...', Array, Object(Closure))
#1 C:\\Users\\Admin\\MentalHealthCareApp\\vendor\\illuminate\\database\\Connection.php(569): Illuminate\\Database\\Connection->run('INSERT INTO use...', Array, Object(Closure))
#2 C:\\Users\\Admin\\MentalHealthCareApp\\vendor\\illuminate\\database\\Connection.php(533): Illuminate\\Database\\Connection->statement('INSERT INTO use...', Array)
#3 C:\\Users\\Admin\\MentalHealthCareApp\\vendor\\illuminate\\database\\DatabaseManager.php(469): Illuminate\\Database\\Connection->insert('INSERT INTO use...', Array)
#4 C:\\Users\\Admin\\MentalHealthCareApp\\vendor\\illuminate\\support\\Facades\\Facade.php(355): Illuminate\\Database\\DatabaseManager->__call('insert', Array)
#5 C:\\Users\\Admin\\MentalHealthCareApp\\app\\Repositories\\UserRepository.php(25): Illuminate\\Support\\Facades\\Facade::__callStatic('insert', Array)
#6 C:\\Users\\Admin\\MentalHealthCareApp\\app\\Controllers\\Patient\\SignUpController.php(40): App\\Repositories\\UserRepository->insert(Object(App\\Models\\User))
#7 C:\\Users\\Admin\\MentalHealthCareApp\\vendor\\illuminate\\container\\BoundMethod.php(36): App\\Controllers\\Patient\\SignUpController->signUp(Object(Laravel\\Lumen\\Http\\Request))
#8 C:\\Users\\Admin\\MentalHealthCareApp\\vendor\\illuminate\\container\\Util.php(41): Illuminate\\Container\\BoundMethod::Illuminate\\Container\\{closure}()
#9 C:\\Users\\Admin\\MentalHealthCareApp\\vendor\\illuminate\\container\\BoundMethod.php(93): Illuminate\\Container\\Util::unwrapIfClosure(Object(Closure))
#10 C:\\Users\\Admin\\MentalHealthCareApp\\vendor\\illuminate\\container\\BoundMethod.php(35): Illuminate\\Container\\BoundMethod::callBoundMethod(Object(Laravel\\Lumen\\Application), Array, Object(Closure))
#11 C:\\Users\\Admin\\MentalHealthCareApp\\vendor\\illuminate\\container\\Container.php(662): Illuminate\\Container\\BoundMethod::call(Object(Laravel\\Lumen\\Application), Array, Array, NULL)
#12 C:\\Users\\Admin\\MentalHealthCareApp\\vendor\\laravel\\lumen-framework\\src\\Concerns\\RoutesRequests.php(391): Illuminate\\Container\\Container->call(Array, Array)
#13 C:\\Users\\Admin\\MentalHealthCareApp\\vendor\\laravel\\lumen-framework\\src\\Concerns\\RoutesRequests.php(356): Laravel\\Lumen\\Application->callControllerCallable(Array, Array)
#14 C:\\Users\\Admin\\MentalHealthCareApp\\vendor\\laravel\\lumen-framework\\src\\Concerns\\RoutesRequests.php(331): Laravel\\Lumen\\Application->callLumenController(Object(App\\Controllers\\Patient\\SignUpController), 'signUp', Array)
#15 C:\\Users\\Admin\\MentalHealthCareApp\\vendor\\laravel\\lumen-framework\\src\\Concerns\\RoutesRequests.php(284): Laravel\\Lumen\\Application->callControllerAction(Array)
#16 C:\\Users\\Admin\\MentalHealthCareApp\\vendor\\laravel\\lumen-framework\\src\\Concerns\\RoutesRequests.php(269): Laravel\\Lumen\\Application->callActionOnArrayBasedRoute(Array)
#17 C:\\Users\\Admin\\MentalHealthCareApp\\vendor\\laravel\\lumen-framework\\src\\Concerns\\RoutesRequests.php(171): Laravel\\Lumen\\Application->handleFoundRoute(Array)
#18 C:\\Users\\Admin\\MentalHealthCareApp\\vendor\\laravel\\lumen-framework\\src\\Concerns\\RoutesRequests.php(431): Laravel\\Lumen\\Application->Laravel\\Lumen\\Concerns\\{closure}(Object(Laravel\\Lumen\\Http\\Request))
#19 C:\\Users\\Admin\\MentalHealthCareApp\\vendor\\laravel\\lumen-framework\\src\\Concerns\\RoutesRequests.php(167): Laravel\\Lumen\\Application->sendThroughPipeline(Array, Object(Closure))
#20 C:\\Users\\Admin\\MentalHealthCareApp\\vendor\\laravel\\lumen-framework\\src\\Concerns\\RoutesRequests.php(112): Laravel\\Lumen\\Application->dispatch(NULL)
#21 C:\\Users\\Admin\\MentalHealthCareApp\\public\\index.php(28): Laravel\\Lumen\\Application->run()
#22 {main}

[previous exception] [object] (PDOException(code: 23000): SQLSTATE[23000]: Integrity constraint violation: 1062 Duplicate entry 'nghia.mai@gmail.com' for key 'users.Email' at C:\\Users\\Admin\\MentalHealthCareApp\\vendor\\illuminate\\database\\Connection.php:580)
[stacktrace]
#0 C:\\Users\\Admin\\MentalHealthCareApp\\vendor\\illuminate\\database\\Connection.php(580): PDOStatement->execute()
#1 C:\\Users\\Admin\\MentalHealthCareApp\\vendor\\illuminate\\database\\Connection.php(809): Illuminate\\Database\\Connection->Illuminate\\Database\\{closure}('INSERT INTO use...', Array)
#2 C:\\Users\\Admin\\MentalHealthCareApp\\vendor\\illuminate\\database\\Connection.php(776): Illuminate\\Database\\Connection->runQueryCallback('INSERT INTO use...', Array, Object(Closure))
#3 C:\\Users\\Admin\\MentalHealthCareApp\\vendor\\illuminate\\database\\Connection.php(569): Illuminate\\Database\\Connection->run('INSERT INTO use...', Array, Object(Closure))
#4 C:\\Users\\Admin\\MentalHealthCareApp\\vendor\\illuminate\\database\\Connection.php(533): Illuminate\\Database\\Connection->statement('INSERT INTO use...', Array)
#5 C:\\Users\\Admin\\MentalHealthCareApp\\vendor\\illuminate\\database\\DatabaseManager.php(469): Illuminate\\Database\\Connection->insert('INSERT INTO use...', Array)
#6 C:\\Users\\Admin\\MentalHealthCareApp\\vendor\\illuminate\\support\\Facades\\Facade.php(355): Illuminate\\Database\\DatabaseManager->__call('insert', Array)
#7 C:\\Users\\Admin\\MentalHealthCareApp\\app\\Repositories\\UserRepository.php(25): Illuminate\\Support\\Facades\\Facade::__callStatic('insert', Array)
#8 C:\\Users\\Admin\\MentalHealthCareApp\\app\\Controllers\\Patient\\SignUpController.php(40): App\\Repositories\\UserRepository->insert(Object(App\\Models\\User))
#9 C:\\Users\\Admin\\MentalHealthCareApp\\vendor\\illuminate\\container\\BoundMethod.php(36): App\\Controllers\\Patient\\SignUpController->signUp(Object(Laravel\\Lumen\\Http\\Request))
#10 C:\\Users\\Admin\\MentalHealthCareApp\\vendor\\illuminate\\container\\Util.php(41): Illuminate\\Container\\BoundMethod::Illuminate\\Container\\{closure}()
#11 C:\\Users\\Admin\\MentalHealthCareApp\\vendor\\illuminate\\container\\BoundMethod.php(93): Illuminate\\Container\\Util::unwrapIfClosure(Object(Closure))
#12 C:\\Users\\Admin\\MentalHealthCareApp\\vendor\\illuminate\\container\\BoundMethod.php(35): Illuminate\\Container\\BoundMethod::callBoundMethod(Object(Laravel\\Lumen\\Application), Array, Object(Closure))
#13 C:\\Users\\Admin\\MentalHealthCareApp\\vendor\\illuminate\\container\\Container.php(662): Illuminate\\Container\\BoundMethod::call(Object(Laravel\\Lumen\\Application), Array, Array, NULL)
#14 C:\\Users\\Admin\\MentalHealthCareApp\\vendor\\laravel\\lumen-framework\\src\\Concerns\\RoutesRequests.php(391): Illuminate\\Container\\Container->call(Array, Array)
#15 C:\\Users\\Admin\\MentalHealthCareApp\\vendor\\laravel\\lumen-framework\\src\\Concerns\\RoutesRequests.php(356): Laravel\\Lumen\\Application->callControllerCallable(Array, Array)
#16 C:\\Users\\Admin\\MentalHealthCareApp\\vendor\\laravel\\lumen-framework\\src\\Concerns\\RoutesRequests.php(331): Laravel\\Lumen\\Application->callLumenController(Object(App\\Controllers\\Patient\\SignUpController), 'signUp', Array)
#17 C:\\Users\\Admin\\MentalHealthCareApp\\vendor\\laravel\\lumen-framework\\src\\Concerns\\RoutesRequests.php(284): Laravel\\Lumen\\Application->callControllerAction(Array)
#18 C:\\Users\\Admin\\MentalHealthCareApp\\vendor\\laravel\\lumen-framework\\src\\Concerns\\RoutesRequests.php(269): Laravel\\Lumen\\Application->callActionOnArrayBasedRoute(Array)
#19 C:\\Users\\Admin\\MentalHealthCareApp\\vendor\\laravel\\lumen-framework\\src\\Concerns\\RoutesRequests.php(171): Laravel\\Lumen\\Application->handleFoundRoute(Array)
#20 C:\\Users\\Admin\\MentalHealthCareApp\\vendor\\laravel\\lumen-framework\\src\\Concerns\\RoutesRequests.php(431): Laravel\\Lumen\\Application->Laravel\\Lumen\\Concerns\\{closure}(Object(Laravel\\Lumen\\Http\\Request))
#21 C:\\Users\\Admin\\MentalHealthCareApp\\vendor\\laravel\\lumen-framework\\src\\Concerns\\RoutesRequests.php(167): Laravel\\Lumen\\Application->sendThroughPipeline(Array, Object(Closure))
#22 C:\\Users\\Admin\\MentalHealthCareApp\\vendor\\laravel\\lumen-framework\\src\\Concerns\\RoutesRequests.php(112): Laravel\\Lumen\\Application->dispatch(NULL)
#23 C:\\Users\\Admin\\MentalHealthCareApp\\public\\index.php(28): Laravel\\Lumen\\Application->run()
#24 {main}
"} 
